<?xml version="1.0" encoding="UTF-8"?>
<!-- Generated by org.testng.reporters.JUnitXMLReporter -->
<testsuite ignored="4" hostname="MAVBCP2860" failures="1" tests="6" name="Firefox" time="95.547" errors="0" timestamp="2021-08-02T16:12:46 IST">
  <testcase classname="com.java.config.Configs" name="@AfterTest LogOut" time="5.017">
    <failure type="org.openqa.selenium.NoSuchElementException" message="Unable to locate element: //span[contains(text(),&amp;apos;Profile&amp;apos;)]
For documentation on this error, please visit: https://www.seleniumhq.org/exceptions/no_such_element.html
Build info: version: &amp;apos;3.141.59&amp;apos;, revision: &amp;apos;e82be7d358&amp;apos;, time: &amp;apos;2018-11-14T08:25:53&amp;apos;
System info: host: &amp;apos;MAVBCP2860&amp;apos;, ip: &amp;apos;192.168.1.5&amp;apos;, os.name: &amp;apos;Windows 10&amp;apos;, os.arch: &amp;apos;amd64&amp;apos;, os.version: &amp;apos;10.0&amp;apos;, java.version: &amp;apos;16.0.1&amp;apos;
Driver info: org.openqa.selenium.firefox.FirefoxDriver
Capabilities {acceptInsecureCerts: true, browserName: firefox, browserVersion: 90.0.1, javascriptEnabled: true, moz:accessibilityChecks: false, moz:buildID: 20210716144314, moz:geckodriverVersion: 0.29.1, moz:headless: false, moz:processID: 11204, moz:profile: C:\Users\vikashrs\AppData\L..., moz:shutdownTimeout: 60000, moz:useNonSpecCompliantPointerOrigin: false, moz:webdriverClick: true, pageLoadStrategy: normal, platform: WINDOWS, platformName: WINDOWS, platformVersion: 10.0, proxy: Proxy(), setWindowRect: true, strictFileInteractability: false, timeouts: {implicit: 0, pageLoad: 300000, script: 30000}, unhandledPromptBehavior: dismiss and notify}
Session ID: bca317fb-bd8d-4604-9632-8c280aa13dd2
*** Element info: {Using=xpath, value=//span[contains(text(),&amp;apos;Profile&amp;apos;)]}">
      <![CDATA[org.openqa.selenium.NoSuchElementException: Unable to locate element: //span[contains(text(),'Profile')]
For documentation on this error, please visit: https://www.seleniumhq.org/exceptions/no_such_element.html
Build info: version: '3.141.59', revision: 'e82be7d358', time: '2018-11-14T08:25:53'
System info: host: 'MAVBCP2860', ip: '192.168.1.5', os.name: 'Windows 10', os.arch: 'amd64', os.version: '10.0', java.version: '16.0.1'
Driver info: org.openqa.selenium.firefox.FirefoxDriver
Capabilities {acceptInsecureCerts: true, browserName: firefox, browserVersion: 90.0.1, javascriptEnabled: true, moz:accessibilityChecks: false, moz:buildID: 20210716144314, moz:geckodriverVersion: 0.29.1, moz:headless: false, moz:processID: 11204, moz:profile: C:\Users\vikashrs\AppData\L..., moz:shutdownTimeout: 60000, moz:useNonSpecCompliantPointerOrigin: false, moz:webdriverClick: true, pageLoadStrategy: normal, platform: WINDOWS, platformName: WINDOWS, platformVersion: 10.0, proxy: Proxy(), setWindowRect: true, strictFileInteractability: false, timeouts: {implicit: 0, pageLoad: 300000, script: 30000}, unhandledPromptBehavior: dismiss and notify}
Session ID: bca317fb-bd8d-4604-9632-8c280aa13dd2
*** Element info: {Using=xpath, value=//span[contains(text(),'Profile')]}
at org.openqa.selenium.remote.http.W3CHttpResponseCodec.createException(W3CHttpResponseCodec.java:187)
at org.openqa.selenium.remote.http.W3CHttpResponseCodec.decode(W3CHttpResponseCodec.java:122)
at org.openqa.selenium.remote.http.W3CHttpResponseCodec.decode(W3CHttpResponseCodec.java:49)
at org.openqa.selenium.remote.HttpCommandExecutor.execute(HttpCommandExecutor.java:158)
at org.openqa.selenium.remote.service.DriverCommandExecutor.execute(DriverCommandExecutor.java:83)
at org.openqa.selenium.remote.RemoteWebDriver.execute(RemoteWebDriver.java:552)
at org.openqa.selenium.remote.RemoteWebDriver.findElement(RemoteWebDriver.java:323)
at org.openqa.selenium.remote.RemoteWebDriver.findElementByXPath(RemoteWebDriver.java:428)
at org.openqa.selenium.By$ByXPath.findElement(By.java:353)
at org.openqa.selenium.remote.RemoteWebDriver.findElement(RemoteWebDriver.java:315)
at com.java.config.Configs.LogOut(Configs.java:48)
... Removed 29 stack frames]]>
    </failure>
  </testcase> <!-- @AfterTest LogOut -->
  <testcase classname="com.java.myntra.ChoosingTheProduct" name="search" time="6.417"/>
  <testcase classname="com.java.myntra.ChoosingTheProduct" name="selectfirstproduct" time="21.61"/>
  <testcase classname="com.java.myntra.ChoosingTheProduct" name="selectsecondproduct" time="17.496"/>
  <testcase classname="com.java.myntra.MoveToBag" name="OpeningWishlist" time="4.809"/>
  <testcase classname="com.java.myntra.MoveToBag" name="AddingBag" time="6.792"/>
  <testcase classname="com.java.myntra.ForAnotherBrowser" name="ForDifferentBrowser" time="15.653">
    <failure type="org.openqa.selenium.NoSuchElementException" message="Unable to locate element: #action\-cod
For documentation on this error, please visit: https://www.seleniumhq.org/exceptions/no_such_element.html
Build info: version: &amp;apos;3.141.59&amp;apos;, revision: &amp;apos;e82be7d358&amp;apos;, time: &amp;apos;2018-11-14T08:25:53&amp;apos;
System info: host: &amp;apos;MAVBCP2860&amp;apos;, ip: &amp;apos;192.168.1.5&amp;apos;, os.name: &amp;apos;Windows 10&amp;apos;, os.arch: &amp;apos;amd64&amp;apos;, os.version: &amp;apos;10.0&amp;apos;, java.version: &amp;apos;16.0.1&amp;apos;
Driver info: org.openqa.selenium.firefox.FirefoxDriver
Capabilities {acceptInsecureCerts: true, browserName: firefox, browserVersion: 90.0.1, javascriptEnabled: true, moz:accessibilityChecks: false, moz:buildID: 20210716144314, moz:geckodriverVersion: 0.29.1, moz:headless: false, moz:processID: 11204, moz:profile: C:\Users\vikashrs\AppData\L..., moz:shutdownTimeout: 60000, moz:useNonSpecCompliantPointerOrigin: false, moz:webdriverClick: true, pageLoadStrategy: normal, platform: WINDOWS, platformName: WINDOWS, platformVersion: 10.0, proxy: Proxy(), setWindowRect: true, strictFileInteractability: false, timeouts: {implicit: 0, pageLoad: 300000, script: 30000}, unhandledPromptBehavior: dismiss and notify}
Session ID: bca317fb-bd8d-4604-9632-8c280aa13dd2
*** Element info: {Using=id, value=action-cod}">
      <![CDATA[org.openqa.selenium.NoSuchElementException: Unable to locate element: #action\-cod
For documentation on this error, please visit: https://www.seleniumhq.org/exceptions/no_such_element.html
Build info: version: '3.141.59', revision: 'e82be7d358', time: '2018-11-14T08:25:53'
System info: host: 'MAVBCP2860', ip: '192.168.1.5', os.name: 'Windows 10', os.arch: 'amd64', os.version: '10.0', java.version: '16.0.1'
Driver info: org.openqa.selenium.firefox.FirefoxDriver
Capabilities {acceptInsecureCerts: true, browserName: firefox, browserVersion: 90.0.1, javascriptEnabled: true, moz:accessibilityChecks: false, moz:buildID: 20210716144314, moz:geckodriverVersion: 0.29.1, moz:headless: false, moz:processID: 11204, moz:profile: C:\Users\vikashrs\AppData\L..., moz:shutdownTimeout: 60000, moz:useNonSpecCompliantPointerOrigin: false, moz:webdriverClick: true, pageLoadStrategy: normal, platform: WINDOWS, platformName: WINDOWS, platformVersion: 10.0, proxy: Proxy(), setWindowRect: true, strictFileInteractability: false, timeouts: {implicit: 0, pageLoad: 300000, script: 30000}, unhandledPromptBehavior: dismiss and notify}
Session ID: bca317fb-bd8d-4604-9632-8c280aa13dd2
*** Element info: {Using=id, value=action-cod}
at org.openqa.selenium.remote.http.W3CHttpResponseCodec.createException(W3CHttpResponseCodec.java:187)
at org.openqa.selenium.remote.http.W3CHttpResponseCodec.decode(W3CHttpResponseCodec.java:122)
at org.openqa.selenium.remote.http.W3CHttpResponseCodec.decode(W3CHttpResponseCodec.java:49)
at org.openqa.selenium.remote.HttpCommandExecutor.execute(HttpCommandExecutor.java:158)
at org.openqa.selenium.remote.service.DriverCommandExecutor.execute(DriverCommandExecutor.java:83)
at org.openqa.selenium.remote.RemoteWebDriver.execute(RemoteWebDriver.java:552)
at org.openqa.selenium.remote.RemoteWebDriver.findElement(RemoteWebDriver.java:323)
at org.openqa.selenium.remote.RemoteWebDriver.findElementById(RemoteWebDriver.java:372)
at org.openqa.selenium.By$ById.findElement(By.java:188)
at org.openqa.selenium.remote.RemoteWebDriver.findElement(RemoteWebDriver.java:315)
at com.java.myntra.ForAnotherBrowser.ForDifferentBrowser(ForAnotherBrowser.java:24)
at java.base/java.util.ArrayList.forEach(ArrayList.java:1511)
... Removed 32 stack frames]]>
    </failure>
  </testcase> <!-- ForDifferentBrowser -->
  <testcase classname="com.java.config.Configs" name="@AfterTest LogOut" time="0.0">
    <ignored/>
  </testcase> <!-- @AfterTest LogOut -->
  <testcase classname="com.java.config.Configs" name="@AfterTest LogOut" time="0.0">
    <ignored/>
  </testcase> <!-- @AfterTest LogOut -->
  <testcase classname="com.java.config.Configs" name="@BeforeTest setup" time="0.0">
    <ignored/>
  </testcase> <!-- @BeforeTest setup -->
  <testcase classname="com.java.config.Configs" name="@BeforeTest setup" time="0.0">
    <ignored/>
  </testcase> <!-- @BeforeTest setup -->
</testsuite> <!-- Firefox -->
